<?xml version="1.0" encoding="UTF-8"?>
<coverage generated="1777387107641" clover="3.2.0">
  <project timestamp="1777387107641" name="All files">
    <metrics statements="5" coveredstatements="5" conditionals="8" coveredconditionals="6" methods="0" coveredmethods="0" elements="13" coveredelements="11" complexity="0" loc="5" ncloc="5" packages="1" files="1" classes="1"/>
    <file name="supabase.ts" path="C:\Users\ngmiceli\dev\lh-hbc\lh-hbc\src\lib\supabase.ts">
      <metrics statements="5" coveredstatements="5" conditionals="8" coveredconditionals="6" methods="0" coveredmethods="0"/>
      <line num="3" count="1" type="stmt"/>
      <line num="4" count="1" type="stmt"/>
      <line num="6" count="1" type="cond" truecount="2" falsecount="2"/>
      <line num="7" count="1" type="stmt"/>
      <line num="10" count="1" type="stmt"/>
    </file>
  </project>
</coverage>
