{"C:\\Users\\ngmiceli\\dev\\lh-hbc\\lh-hbc\\src\\lib\\supabase.ts": {"path":"C:\\Users\\ngmiceli\\dev\\lh-hbc\\lh-hbc\\src\\lib\\supabase.ts","statementMap":{"0":{"start":{"line":3,"column":20},"end":{"line":3,"column":null}},"1":{"start":{"line":4,"column":24},"end":{"line":4,"column":null}},"2":{"start":{"line":6,"column":0},"end":{"line":7,"column":null}},"3":{"start":{"line":7,"column":2},"end":{"line":7,"column":null}},"4":{"start":{"line":10,"column":13},"end":{"line":12,"column":null}}},"fnMap":{},"branchMap":{"0":{"loc":{"start":{"line":6,"column":0},"end":{"line":7,"column":null}},"type":"if","locations":[{"start":{"line":6,"column":0},"end":{"line":7,"column":null}},{"start":{},"end":{}}],"line":6},"1":{"loc":{"start":{"line":6,"column":4},"end":{"line":6,"column":38}},"type":"binary-expr","locations":[{"start":{"line":6,"column":4},"end":{"line":6,"column":20}},{"start":{"line":6,"column":20},"end":{"line":6,"column":38}}],"line":6},"2":{"loc":{"start":{"line":11,"column":2},"end":{"line":11,"column":null}},"type":"binary-expr","locations":[{"start":{"line":11,"column":2},"end":{"line":11,"column":17}},{"start":{"line":11,"column":17},"end":{"line":11,"column":null}}],"line":11},"3":{"loc":{"start":{"line":12,"column":2},"end":{"line":12,"column":null}},"type":"binary-expr","locations":[{"start":{"line":12,"column":2},"end":{"line":12,"column":21}},{"start":{"line":12,"column":21},"end":{"line":12,"column":null}}],"line":12}},"s":{"0":1,"1":1,"2":1,"3":1,"4":1},"f":{},"b":{"0":[1,0],"1":[1,0],"2":[1,1],"3":[1,1]},"meta":{"lastBranch":4,"lastFunction":0,"lastStatement":5,"seen":{"s:3:20:3:Infinity":0,"s:4:24:4:Infinity":1,"b:6:0:7:Infinity:undefined:undefined:undefined:undefined":0,"s:6:0:7:Infinity":2,"b:6:4:6:20:6:20:6:38":1,"s:7:2:7:Infinity":3,"s:10:13:12:Infinity":4,"b:11:2:11:17:11:17:11:Infinity":2,"b:12:2:12:21:12:21:12:Infinity":3}}}
}
